1.160013 -0.479930 -0.361178 0.130181 0.025699 -0.756541 0.055648 0.372613 0.416999 -0.861936 
0.283573 1.470782 -0.029905 -0.321411 -0.046739 -0.327400 -0.417615 -0.682598 -0.335405 0.473607 
0.289728 0.480527 1.169782 0.259248 -0.327436 -0.815175 0.320504 -0.440536 -0.805769 0.257172 
0.236043 -0.147071 -0.586222 1.184848 -0.571787 0.440421 0.208185 0.333379 -0.267883 -0.909440 
-0.424512 0.214317 -0.084193 0.087648 1.373770 -0.387214 0.026930 -0.718801 -0.267743 0.390128 
0.051787 -0.279226 0.225409 -0.069986 -0.623603 1.327124 -0.868676 0.221443 0.404127 -0.259436 
0.137859 0.501150 -0.099632 -0.166474 0.288656 -0.207581 1.569037 -0.258472 -0.915406 -0.702173 
-0.206532 -0.706521 -0.535980 -0.000342 0.218403 0.455879 0.300377 1.733564 -0.320235 -0.640091 
-0.854419 -0.568312 0.552663 -0.655488 -0.428546 0.162605 -0.744535 -0.244143 1.817815 0.253233 
-0.339520 -0.163192 -0.641634 -0.074964 -0.131192 0.287125 -0.462972 -0.504156 0.426154 1.492975 

   1.1600e+00  -4.7993e-01  -3.6118e-01   1.3018e-01   2.5699e-02  -7.5654e-01   5.5648e-02   3.7261e-01   4.1700e-01  -8.6194e-01
   2.8357e-01   1.4708e+00  -2.9905e-02  -3.2141e-01  -4.6739e-02  -3.2740e-01  -4.1761e-01  -6.8260e-01  -3.3541e-01   4.7361e-01
   2.8973e-01   4.8053e-01   1.1698e+00   2.5925e-01  -3.2744e-01  -8.1518e-01   3.2050e-01  -4.4054e-01  -8.0577e-01   2.5717e-01
   2.3604e-01  -1.4707e-01  -5.8622e-01   1.1848e+00  -5.7179e-01   4.4042e-01   2.0818e-01   3.3338e-01  -2.6788e-01  -9.0944e-01
  -4.2451e-01   2.1432e-01  -8.4193e-02   8.7648e-02   1.3738e+00  -3.8721e-01   2.6930e-02  -7.1880e-01  -2.6774e-01   3.9013e-01
   5.1787e-02  -2.7923e-01   2.2541e-01  -6.9986e-02  -6.2360e-01   1.3271e+00  -8.6868e-01   2.2144e-01   4.0413e-01  -2.5944e-01
   1.3786e-01   5.0115e-01  -9.9632e-02  -1.6647e-01   2.8866e-01  -2.0758e-01   1.5690e+00  -2.5847e-01  -9.1541e-01  -7.0217e-01
  -2.0653e-01  -7.0652e-01  -5.3598e-01  -3.4168e-04   2.1840e-01   4.5588e-01   3.0038e-01   1.7336e+00  -3.2024e-01  -6.4009e-01
  -8.5442e-01  -5.6831e-01   5.5266e-01  -6.5549e-01  -4.2855e-01   1.6261e-01  -7.4453e-01  -2.4414e-01   1.8178e+00   2.5323e-01
  -3.3952e-01  -1.6319e-01  -6.4163e-01  -7.4964e-02  -1.3119e-01   2.8712e-01  -4.6297e-01  -5.0416e-01   4.2615e-01   1.4930e+00

