1.267675 -0.114145 -0.284064 0.072937 -0.012559 -0.243243 -0.248892 -0.040630 -0.010139 -0.267538 0.347772 0.224488 -0.263951 0.010359 -0.003143 -0.176651 -0.226448 -0.256477 0.064325 -0.071900 
-0.140597 1.279214 0.116286 0.157853 -0.206232 -0.224410 -0.154230 -0.372245 0.135175 -0.015970 0.078846 -0.308981 0.033757 -0.192791 -0.282388 0.216877 0.069195 -0.064265 -0.030581 -0.088564 
0.159306 -0.303070 1.211665 -0.068257 -0.089844 -0.152626 -0.176007 -0.182119 -0.168937 -0.078141 -0.412535 -0.313607 0.083583 -0.007590 -0.062460 0.045357 0.078674 0.046624 0.145801 0.197468 
0.052019 -0.052318 -0.159226 1.177374 -0.226722 0.159647 -0.160852 -0.153531 -0.029697 -0.251327 -0.067298 -0.037220 -0.271564 0.279592 -0.009325 0.218111 0.084477 -0.227548 0.029921 -0.105291 
-0.126793 -0.294898 -0.092979 -0.229301 1.251867 -0.300172 0.159718 0.355739 0.082881 0.177643 -0.272853 0.268524 0.116883 -0.310667 -0.201991 -0.207314 -0.151338 0.028311 -0.230668 -0.078474 
-0.326879 0.286370 -0.124715 0.297074 -0.420682 1.341138 -0.425335 -0.179623 -0.022885 0.267323 0.068618 -0.203415 0.054438 -0.037193 -0.285318 -0.191363 0.165176 0.229709 -0.302561 -0.174519 
0.049691 -0.074611 -0.203752 -0.425168 0.282460 -0.427844 1.446949 -0.110337 0.173764 -0.342403 -0.437017 -0.153084 -0.177420 0.113349 0.093323 0.300802 -0.197425 -0.283548 0.300864 -0.102385 
0.125297 0.056454 0.109536 0.131466 -0.400106 0.095297 -0.403254 1.195538 -0.207253 -0.315719 0.236836 -0.197886 0.000526 -0.124107 -0.182112 -0.339180 0.148560 0.141323 -0.273270 0.241976 
0.088570 0.137905 -0.054009 -0.220776 0.229961 -0.430954 0.152193 -0.068313 1.150322 -0.111182 0.160994 -0.054772 -0.307262 -0.324093 0.075582 0.168742 -0.297329 -0.341049 0.268062 -0.322813 
-0.377114 -0.227517 0.086107 -0.284441 0.080544 -0.092862 -0.048348 0.231415 -0.169651 1.221053 0.002571 -0.364443 -0.269445 -0.341635 -0.170050 0.077636 -0.174201 0.282812 0.218893 0.183548 
-0.260743 0.131572 -0.091943 0.006760 -0.260378 -0.010373 -0.208670 0.003582 -0.053496 0.053866 1.316840 0.045402 -0.373760 -0.264092 0.042519 -0.188122 -0.350891 0.336001 0.216127 -0.179978 
-0.260415 -0.219749 -0.086464 0.154492 -0.295368 0.051001 0.025483 0.079020 -0.191247 0.179741 0.046367 1.165065 0.141791 0.018549 -0.177382 0.053044 -0.032167 -0.125030 -0.336801 -0.011231 
0.068502 -0.303605 -0.025775 0.183502 -0.068785 0.175176 -0.260017 -0.256755 -0.039592 0.059363 -0.283749 -0.011493 1.188192 -0.146890 0.024391 -0.380488 0.282002 -0.068900 -0.329414 0.162293 
0.181821 0.031417 -0.049474 -0.289217 -0.296276 -0.055731 0.057735 -0.023901 -0.011301 0.084710 0.104158 0.025676 -0.108684 1.183860 0.120101 0.085078 -0.226806 -0.339206 -0.190623 -0.074793 
0.341576 -0.417820 0.179838 -0.305268 0.089636 -0.271859 0.185029 -0.065413 0.124045 -0.428506 0.062299 0.137313 0.192643 -0.070957 1.292449 -0.102075 -0.338464 -0.151278 -0.092600 -0.276002 
0.103652 -0.133346 -0.244951 0.036179 0.012143 0.197822 0.143973 -0.246788 -0.100900 -0.058821 -0.411500 -0.298009 0.148833 0.285063 -0.316189 1.212313 0.168858 -0.460808 0.081872 -0.015333 
-0.479317 0.105814 -0.363713 -0.070096 0.150384 0.238915 0.214527 -0.182090 -0.267189 0.093146 0.075596 0.110464 -0.006597 0.059098 -0.189887 -0.314157 1.183862 0.139872 -0.250198 -0.243449 
-0.174192 0.233688 -0.124467 0.153070 -0.360735 0.154012 -0.219512 -0.085221 0.084002 0.046386 0.226064 0.038941 -0.334308 -0.199024 -0.062707 -0.209453 -0.096924 1.294494 -0.094993 -0.257525 
-0.296504 -0.166111 0.306019 -0.019368 0.249863 0.052251 0.130285 -0.318542 -0.281027 -0.095458 -0.580706 -0.181197 0.172280 -0.099889 -0.152350 0.297833 -0.092656 -0.135255 1.315969 -0.186148 
0.018093 0.025456 -0.265815 -0.284027 0.263214 -0.158279 -0.144628 0.211511 0.200046 -0.116132 -0.065986 -0.051306 -0.186046 0.122254 0.271734 -0.416721 0.081877 -0.062590 -0.458389 1.173515 
