#Rezultate Cerinta 5
20
25 25
-1.044793 -0.780799 -0.600304 -0.567426 -0.531894 -0.507311 -0.494772 -0.492168 -0.483231 -0.470363 -0.450489 -0.423280 -0.395194 -0.373682 -0.359074 -0.340406 -0.313536 -0.281910 -0.249263 -0.215563 -0.194133 -0.185473 -0.164332 -0.129048 -0.105899
9 9
-1.044793 -0.780800 -0.600305 -0.567428 -0.531895 -0.507312 -0.494695 -0.491218 -0.481475
3 3
-1.044793 -0.780768 -0.595796
15 15
-1.044794 -0.780797 -0.600301 -0.567423 -0.531890 -0.507307 -0.494635 -0.491499 -0.482158 -0.469272 -0.449372 -0.422127 -0.394004 -0.372463 -0.357836
5 5
-1.044793 -0.780790 -0.607632 -0.582584 -0.535158
38 38
-1.044793 -0.780797 -0.600302 -0.567424 -0.531891 -0.507309 -0.494782 -0.491596 -0.482057 -0.469169 -0.449267 -0.422019 -0.393892 -0.372348 -0.357720 -0.339024 -0.312116 -0.280444 -0.247750 -0.214001 -0.192539 -0.183867 -0.163849 -0.129703 -0.106567 -0.096032 -0.080600 -0.051322 -0.021579 0.009124 0.051159 0.094550 0.139340 0.185576 0.214978 0.226859 0.237134 0.292625
46 46
-1.044793 -0.780800 -0.600306 -0.567429 -0.531896 -0.507313 -0.494775 -0.491576 -0.482037 -0.469149 -0.449246 -0.421997 -0.393870 -0.372326 -0.357696 -0.339001 -0.312092 -0.280419 -0.247724 -0.213974 -0.192512 -0.183839 -0.163821 -0.129675 -0.106537 -0.096003 -0.080570 -0.051291 -0.021547 0.009156 0.051192 0.094584 0.139376 0.185613 0.215015 0.226897 0.240485 0.299511 0.357389 0.370392 0.383497 0.403441 0.430384 0.457754 0.500023 0.542963
5 5
-1.044793 -0.780790 -0.607632 -0.582584 -0.535158
1 1
-1.044794
19 19
-1.044794 -0.780798 -0.600303 -0.567425 -0.531892 -0.507310 -0.494634 -0.492680 -0.484543 -0.465011 -0.445170 -0.424689 -0.396648 -0.375170 -0.360586 -0.338064 -0.307228 -0.275398 -0.242541
20 20
-1.044794 -0.780797 -0.600301 -0.567424 -0.531891 -0.507308 -0.494635 -0.492290 -0.483752 -0.470892 -0.451031 -0.423840 -0.395771 -0.374273 -0.359674 -0.341018 -0.314166 -0.282560 -0.249934 -0.216256
42 42
-1.044794 -0.780798 -0.600303 -0.567426 -0.531893 -0.507310 -0.494781 -0.493171 -0.485236 -0.465721 -0.445897 -0.425433 -0.397416 -0.375957 -0.361385 -0.340831 -0.312033 -0.280358 -0.247661 -0.213909 -0.192446 -0.183773 -0.163753 -0.129605 -0.106466 -0.095931 -0.080497 -0.051217 -0.021471 0.009234 0.051273 0.094668 0.139462 0.185701 0.215106 0.226988 0.239722 0.297840 0.355658 0.368647 0.381738 0.401661
8 8
-1.044793 -0.780797 -0.600302 -0.567424 -0.531891 -0.507308 -0.494633 -0.493661
3 3
-1.044793 -0.780768 -0.595796
27 27
-1.044794 -0.780800 -0.600305 -0.567428 -0.531895 -0.507312 -0.494813 -0.492249 -0.483313 -0.470445 -0.450574 -0.423368 -0.395284 -0.373774 -0.359168 -0.340502 -0.313635 -0.282012 -0.249368 -0.215672 -0.194243 -0.185584 -0.164446 -0.129166 -0.106018 -0.093094 -0.075232
4 4
-1.044793 -0.780829 -0.601400 -0.569649
21 21
-1.044794 -0.780801 -0.600307 -0.567429 -0.531897 -0.507314 -0.494733 -0.492283 -0.483546 -0.470683 -0.450817 -0.423619 -0.395543 -0.374039 -0.359437 -0.340776 -0.313917 -0.282303 -0.249669 -0.215982 -0.194560
50 50
-1.044793 -0.780800 -0.600305 -0.567428 -0.531895 -0.507312 -0.494780 -0.491588 -0.482048 -0.469160 -0.449258 -0.422010 -0.393882 -0.372338 -0.357709 -0.339014 -0.312105 -0.280433 -0.247738 -0.213989 -0.192527 -0.183855 -0.163836 -0.129691 -0.106554 -0.096019 -0.080587 -0.051308 -0.021565 0.009138 0.051173 0.094565 0.139356 0.185592 0.214994 0.226876 0.237906 0.294202 0.351888 0.364847 0.377908 0.397786 0.424639 0.451918 0.494046 0.536843 0.565903 0.587928 0.652025 0.742121
10 10
-1.044793 -0.780800 -0.600306 -0.567428 -0.531895 -0.507313 -0.494646 -0.492110 -0.486588 -0.470349
22 22
-1.044794 -0.780798 -0.600303 -0.567425 -0.531892 -0.507309 -0.494655 -0.492131 -0.483393 -0.470527 -0.450657 -0.423454 -0.395373 -0.373865 -0.359260 -0.340596 -0.313732 -0.282112 -0.249472 -0.215778 -0.194352 -0.185694
